<?xml version="1.0" encoding="UTF-8"?>
<!-- Generated by org.testng.reporters.JUnitReportReporter -->
<testsuite skipped="0" hostname="US5CG7192HLF" name="TestPOM.TestValidLogin" tests="1" failures="0" timestamp="2019-09-24T21:09:22 IST" time="33.290" errors="0">
  <testcase name="testValidLogin" time="33.290" classname="TestPOM.TestValidLogin"/>
</testsuite> <!-- TestPOM.TestValidLogin -->
